<?xml version="1.0" encoding="UTF-8"?>
<coverage generated="1579958475">
  <project timestamp="1579958475">
    <package name="Yoelpc4\LaravelExchangeRate\Exceptions">
      <file name="/Users/yoelpc4/Sites/Packages/yoelpc4/laravel-exchange-rate/src/Exceptions/HistoricalExchangeRateException.php">
        <class name="Yoelpc4\LaravelExchangeRate\Exceptions\HistoricalExchangeRateException" namespace="Yoelpc4\LaravelExchangeRate\Exceptions">
          <metrics complexity="0" methods="0" coveredmethods="0" conditionals="0" coveredconditionals="0" statements="0" coveredstatements="0" elements="0" coveredelements="0"/>
        </class>
        <metrics loc="10" ncloc="10" classes="0" methods="0" coveredmethods="0" conditionals="0" coveredconditionals="0" statements="0" coveredstatements="0" elements="0" coveredelements="0"/>
      </file>
      <file name="/Users/yoelpc4/Sites/Packages/yoelpc4/laravel-exchange-rate/src/Exceptions/LatestExchangeRateException.php">
        <class name="Yoelpc4\LaravelExchangeRate\Exceptions\LatestExchangeRateException" namespace="Yoelpc4\LaravelExchangeRate\Exceptions">
          <metrics complexity="0" methods="0" coveredmethods="0" conditionals="0" coveredconditionals="0" statements="0" coveredstatements="0" elements="0" coveredelements="0"/>
        </class>
        <metrics loc="10" ncloc="10" classes="0" methods="0" coveredmethods="0" conditionals="0" coveredconditionals="0" statements="0" coveredstatements="0" elements="0" coveredelements="0"/>
      </file>
      <file name="/Users/yoelpc4/Sites/Packages/yoelpc4/laravel-exchange-rate/src/Exceptions/ServiceException.php">
        <class name="Yoelpc4\LaravelExchangeRate\Exceptions\ServiceException" namespace="Yoelpc4\LaravelExchangeRate\Exceptions">
          <metrics complexity="0" methods="0" coveredmethods="0" conditionals="0" coveredconditionals="0" statements="0" coveredstatements="0" elements="0" coveredelements="0"/>
        </class>
        <metrics loc="10" ncloc="10" classes="0" methods="0" coveredmethods="0" conditionals="0" coveredconditionals="0" statements="0" coveredstatements="0" elements="0" coveredelements="0"/>
      </file>
      <file name="/Users/yoelpc4/Sites/Packages/yoelpc4/laravel-exchange-rate/src/Exceptions/TimeSeriesExchangeRateException.php">
        <class name="Yoelpc4\LaravelExchangeRate\Exceptions\TimeSeriesExchangeRateException" namespace="Yoelpc4\LaravelExchangeRate\Exceptions">
          <metrics complexity="0" methods="0" coveredmethods="0" conditionals="0" coveredconditionals="0" statements="0" coveredstatements="0" elements="0" coveredelements="0"/>
        </class>
        <metrics loc="10" ncloc="10" classes="0" methods="0" coveredmethods="0" conditionals="0" coveredconditionals="0" statements="0" coveredstatements="0" elements="0" coveredelements="0"/>
      </file>
    </package>
    <package name="Yoelpc4\LaravelExchangeRate">
      <file name="/Users/yoelpc4/Sites/Packages/yoelpc4/laravel-exchange-rate/src/ExchangeRate.php">
        <class name="Yoelpc4\LaravelExchangeRate\ExchangeRate" namespace="Yoelpc4\LaravelExchangeRate">
          <metrics complexity="13" methods="4" coveredmethods="1" conditionals="0" coveredconditionals="0" statements="26" coveredstatements="8" elements="30" coveredelements="9"/>
        </class>
        <line num="25" type="method" name="__construct" visibility="public" complexity="1" crap="1" count="3"/>
        <line num="27" type="stmt" count="3"/>
        <line num="28" type="stmt" count="3"/>
        <line num="41" type="method" name="latest" visibility="public" complexity="4" crap="10.75" count="1"/>
        <line num="44" type="stmt" count="1"/>
        <line num="45" type="stmt" count="0"/>
        <line num="46" type="stmt" count="0"/>
        <line num="50" type="stmt" count="1"/>
        <line num="51" type="stmt" count="0"/>
        <line num="52" type="stmt" count="0"/>
        <line num="53" type="stmt" count="0"/>
        <line num="54" type="stmt" count="0"/>
        <line num="69" type="method" name="historical" visibility="public" complexity="4" crap="10.75" count="1"/>
        <line num="72" type="stmt" count="1"/>
        <line num="73" type="stmt" count="0"/>
        <line num="74" type="stmt" count="0"/>
        <line num="78" type="stmt" count="1"/>
        <line num="79" type="stmt" count="0"/>
        <line num="80" type="stmt" count="0"/>
        <line num="81" type="stmt" count="0"/>
        <line num="82" type="stmt" count="0"/>
        <line num="98" type="method" name="timeSeries" visibility="public" complexity="4" crap="10.75" count="1"/>
        <line num="101" type="stmt" count="1"/>
        <line num="102" type="stmt" count="0"/>
        <line num="103" type="stmt" count="0"/>
        <line num="107" type="stmt" count="1"/>
        <line num="108" type="stmt" count="0"/>
        <line num="109" type="stmt" count="0"/>
        <line num="110" type="stmt" count="0"/>
        <line num="111" type="stmt" count="0"/>
        <metrics loc="114" ncloc="75" classes="1" methods="4" coveredmethods="1" conditionals="0" coveredconditionals="0" statements="26" coveredstatements="8" elements="30" coveredelements="9"/>
      </file>
    </package>
    <file name="/Users/yoelpc4/Sites/Packages/yoelpc4/laravel-exchange-rate/src/ExchangeRates/Contracts/ExchangeRate.php">
      <metrics loc="29" ncloc="14" classes="0" methods="0" coveredmethods="0" conditionals="0" coveredconditionals="0" statements="0" coveredstatements="0" elements="0" coveredelements="0"/>
    </file>
    <file name="/Users/yoelpc4/Sites/Packages/yoelpc4/laravel-exchange-rate/src/ExchangeRates/Contracts/Factories/HistoricalExchangeRateFactory.php">
      <metrics loc="18" ncloc="11" classes="0" methods="0" coveredmethods="0" conditionals="0" coveredconditionals="0" statements="0" coveredstatements="0" elements="0" coveredelements="0"/>
    </file>
    <file name="/Users/yoelpc4/Sites/Packages/yoelpc4/laravel-exchange-rate/src/ExchangeRates/Contracts/Factories/LatestExchangeRateFactory.php">
      <metrics loc="18" ncloc="11" classes="0" methods="0" coveredmethods="0" conditionals="0" coveredconditionals="0" statements="0" coveredstatements="0" elements="0" coveredelements="0"/>
    </file>
    <file name="/Users/yoelpc4/Sites/Packages/yoelpc4/laravel-exchange-rate/src/ExchangeRates/Contracts/Factories/TimeSeriesExchangeRateFactory.php">
      <metrics loc="18" ncloc="11" classes="0" methods="0" coveredmethods="0" conditionals="0" coveredconditionals="0" statements="0" coveredstatements="0" elements="0" coveredelements="0"/>
    </file>
    <file name="/Users/yoelpc4/Sites/Packages/yoelpc4/laravel-exchange-rate/src/ExchangeRates/Contracts/HistoricalExchangeRate.php">
      <metrics loc="13" ncloc="8" classes="0" methods="0" coveredmethods="0" conditionals="0" coveredconditionals="0" statements="0" coveredstatements="0" elements="0" coveredelements="0"/>
    </file>
    <file name="/Users/yoelpc4/Sites/Packages/yoelpc4/laravel-exchange-rate/src/ExchangeRates/Contracts/LatestExchangeRate.php">
      <metrics loc="8" ncloc="8" classes="0" methods="0" coveredmethods="0" conditionals="0" coveredconditionals="0" statements="0" coveredstatements="0" elements="0" coveredelements="0"/>
    </file>
    <file name="/Users/yoelpc4/Sites/Packages/yoelpc4/laravel-exchange-rate/src/ExchangeRates/Contracts/TimeSeriesExchangeRate.php">
      <metrics loc="20" ncloc="10" classes="0" methods="0" coveredmethods="0" conditionals="0" coveredconditionals="0" statements="0" coveredstatements="0" elements="0" coveredelements="0"/>
    </file>
    <package name="Yoelpc4\LaravelExchangeRate\ExchangeRates\FreeCurrencyConverterApi">
      <file name="/Users/yoelpc4/Sites/Packages/yoelpc4/laravel-exchange-rate/src/ExchangeRates/FreeCurrencyConverterApi/ExchangeRate.php">
        <class name="Yoelpc4\LaravelExchangeRate\ExchangeRates\FreeCurrencyConverterApi\ExchangeRate" namespace="Yoelpc4\LaravelExchangeRate\ExchangeRates\FreeCurrencyConverterApi">
          <metrics complexity="3" methods="3" coveredmethods="3" conditionals="0" coveredconditionals="0" statements="3" coveredstatements="3" elements="6" coveredelements="6"/>
        </class>
        <line num="30" type="method" name="base" visibility="public" complexity="1" crap="1" count="3"/>
        <line num="32" type="stmt" count="3"/>
        <line num="40" type="method" name="symbols" visibility="public" complexity="1" crap="1" count="3"/>
        <line num="42" type="stmt" count="3"/>
        <line num="50" type="method" name="rates" visibility="public" complexity="1" crap="1" count="3"/>
        <line num="52" type="stmt" count="3"/>
        <metrics loc="54" ncloc="30" classes="1" methods="3" coveredmethods="3" conditionals="0" coveredconditionals="0" statements="3" coveredstatements="3" elements="6" coveredelements="6"/>
      </file>
      <file name="/Users/yoelpc4/Sites/Packages/yoelpc4/laravel-exchange-rate/src/ExchangeRates/FreeCurrencyConverterApi/HistoricalExchangeRate.php">
        <class name="Yoelpc4\LaravelExchangeRate\ExchangeRates\FreeCurrencyConverterApi\HistoricalExchangeRate" namespace="Yoelpc4\LaravelExchangeRate\ExchangeRates\FreeCurrencyConverterApi">
          <metrics complexity="2" methods="2" coveredmethods="2" conditionals="0" coveredconditionals="0" statements="6" coveredstatements="6" elements="8" coveredelements="8"/>
        </class>
        <line num="23" type="method" name="__construct" visibility="public" complexity="1" crap="1" count="1"/>
        <line num="25" type="stmt" count="1"/>
        <line num="27" type="stmt" count="1"/>
        <line num="29" type="stmt" count="1"/>
        <line num="31" type="stmt" count="1"/>
        <line num="32" type="stmt" count="1"/>
        <line num="37" type="method" name="date" visibility="public" complexity="1" crap="1" count="1"/>
        <line num="39" type="stmt" count="1"/>
        <metrics loc="41" ncloc="27" classes="1" methods="2" coveredmethods="2" conditionals="0" coveredconditionals="0" statements="6" coveredstatements="6" elements="8" coveredelements="8"/>
      </file>
      <file name="/Users/yoelpc4/Sites/Packages/yoelpc4/laravel-exchange-rate/src/ExchangeRates/FreeCurrencyConverterApi/LatestExchangeRate.php">
        <class name="Yoelpc4\LaravelExchangeRate\ExchangeRates\FreeCurrencyConverterApi\LatestExchangeRate" namespace="Yoelpc4\LaravelExchangeRate\ExchangeRates\FreeCurrencyConverterApi">
          <metrics complexity="1" methods="1" coveredmethods="1" conditionals="0" coveredconditionals="0" statements="4" coveredstatements="4" elements="5" coveredelements="5"/>
        </class>
        <line num="17" type="method" name="__construct" visibility="public" complexity="1" crap="1" count="1"/>
        <line num="19" type="stmt" count="1"/>
        <line num="21" type="stmt" count="1"/>
        <line num="23" type="stmt" count="1"/>
        <line num="24" type="stmt" count="1"/>
        <metrics loc="25" ncloc="18" classes="1" methods="1" coveredmethods="1" conditionals="0" coveredconditionals="0" statements="4" coveredstatements="4" elements="5" coveredelements="5"/>
      </file>
      <file name="/Users/yoelpc4/Sites/Packages/yoelpc4/laravel-exchange-rate/src/ExchangeRates/FreeCurrencyConverterApi/TimeSeriesExchangeRate.php">
        <class name="Yoelpc4\LaravelExchangeRate\ExchangeRates\FreeCurrencyConverterApi\TimeSeriesExchangeRate" namespace="Yoelpc4\LaravelExchangeRate\ExchangeRates\FreeCurrencyConverterApi">
          <metrics complexity="3" methods="3" coveredmethods="3" conditionals="0" coveredconditionals="0" statements="8" coveredstatements="8" elements="11" coveredelements="11"/>
        </class>
        <line num="29" type="method" name="__construct" visibility="public" complexity="1" crap="1" count="1"/>
        <line num="31" type="stmt" count="1"/>
        <line num="33" type="stmt" count="1"/>
        <line num="35" type="stmt" count="1"/>
        <line num="37" type="stmt" count="1"/>
        <line num="39" type="stmt" count="1"/>
        <line num="40" type="stmt" count="1"/>
        <line num="45" type="method" name="startDate" visibility="public" complexity="1" crap="1" count="1"/>
        <line num="47" type="stmt" count="1"/>
        <line num="53" type="method" name="endDate" visibility="public" complexity="1" crap="1" count="1"/>
        <line num="55" type="stmt" count="1"/>
        <metrics loc="57" ncloc="36" classes="1" methods="3" coveredmethods="3" conditionals="0" coveredconditionals="0" statements="8" coveredstatements="8" elements="11" coveredelements="11"/>
      </file>
    </package>
    <package name="Yoelpc4\LaravelExchangeRate\ExchangeRates\FreeCurrencyConverterApi\Factories">
      <file name="/Users/yoelpc4/Sites/Packages/yoelpc4/laravel-exchange-rate/src/ExchangeRates/FreeCurrencyConverterApi/Factories/HistoricalExchangeRateFactory.php">
        <class name="Yoelpc4\LaravelExchangeRate\ExchangeRates\FreeCurrencyConverterApi\Factories\HistoricalExchangeRateFactory" namespace="Yoelpc4\LaravelExchangeRate\ExchangeRates\FreeCurrencyConverterApi\Factories">
          <metrics complexity="1" methods="1" coveredmethods="1" conditionals="0" coveredconditionals="0" statements="9" coveredstatements="9" elements="10" coveredelements="10"/>
        </class>
        <line num="15" type="method" name="make" visibility="public" complexity="1" crap="1" count="1"/>
        <line num="17" type="stmt" count="1"/>
        <line num="20" type="stmt" count="1"/>
        <line num="21" type="stmt" count="1"/>
        <line num="23" type="stmt" count="1"/>
        <line num="25" type="stmt" count="1"/>
        <line num="28" type="stmt" count="1"/>
        <line num="30" type="stmt" count="1"/>
        <line num="31" type="stmt" count="1"/>
        <line num="33" type="stmt" count="1"/>
        <metrics loc="35" ncloc="32" classes="1" methods="1" coveredmethods="1" conditionals="0" coveredconditionals="0" statements="9" coveredstatements="9" elements="10" coveredelements="10"/>
      </file>
      <file name="/Users/yoelpc4/Sites/Packages/yoelpc4/laravel-exchange-rate/src/ExchangeRates/FreeCurrencyConverterApi/Factories/LatestExchangeRateFactory.php">
        <class name="Yoelpc4\LaravelExchangeRate\ExchangeRates\FreeCurrencyConverterApi\Factories\LatestExchangeRateFactory" namespace="Yoelpc4\LaravelExchangeRate\ExchangeRates\FreeCurrencyConverterApi\Factories">
          <metrics complexity="1" methods="1" coveredmethods="1" conditionals="0" coveredconditionals="0" statements="9" coveredstatements="9" elements="10" coveredelements="10"/>
        </class>
        <line num="15" type="method" name="make" visibility="public" complexity="1" crap="1" count="1"/>
        <line num="17" type="stmt" count="1"/>
        <line num="20" type="stmt" count="1"/>
        <line num="21" type="stmt" count="1"/>
        <line num="23" type="stmt" count="1"/>
        <line num="26" type="stmt" count="1"/>
        <line num="27" type="stmt" count="1"/>
        <line num="29" type="stmt" count="1"/>
        <line num="30" type="stmt" count="1"/>
        <line num="32" type="stmt" count="1"/>
        <metrics loc="34" ncloc="31" classes="1" methods="1" coveredmethods="1" conditionals="0" coveredconditionals="0" statements="9" coveredstatements="9" elements="10" coveredelements="10"/>
      </file>
      <file name="/Users/yoelpc4/Sites/Packages/yoelpc4/laravel-exchange-rate/src/ExchangeRates/FreeCurrencyConverterApi/Factories/TimeSeriesExchangeRateFactory.php">
        <class name="Yoelpc4\LaravelExchangeRate\ExchangeRates\FreeCurrencyConverterApi\Factories\TimeSeriesExchangeRateFactory" namespace="Yoelpc4\LaravelExchangeRate\ExchangeRates\FreeCurrencyConverterApi\Factories">
          <metrics complexity="3" methods="1" coveredmethods="1" conditionals="0" coveredconditionals="0" statements="12" coveredstatements="12" elements="13" coveredelements="13"/>
        </class>
        <line num="15" type="method" name="make" visibility="public" complexity="3" crap="3" count="1"/>
        <line num="17" type="stmt" count="1"/>
        <line num="20" type="stmt" count="1"/>
        <line num="21" type="stmt" count="1"/>
        <line num="23" type="stmt" count="1"/>
        <line num="25" type="stmt" count="1"/>
        <line num="27" type="stmt" count="1"/>
        <line num="29" type="stmt" count="1"/>
        <line num="31" type="stmt" count="1"/>
        <line num="32" type="stmt" count="1"/>
        <line num="34" type="stmt" count="1"/>
        <line num="35" type="stmt" count="1"/>
        <line num="39" type="stmt" count="1"/>
        <metrics loc="41" ncloc="38" classes="1" methods="1" coveredmethods="1" conditionals="0" coveredconditionals="0" statements="12" coveredstatements="12" elements="13" coveredelements="13"/>
      </file>
    </package>
    <package name="Yoelpc4\LaravelExchangeRate\ExchangeRates">
      <file name="/Users/yoelpc4/Sites/Packages/yoelpc4/laravel-exchange-rate/src/ExchangeRates/Rate.php">
        <class name="Yoelpc4\LaravelExchangeRate\ExchangeRates\Rate" namespace="Yoelpc4\LaravelExchangeRate\ExchangeRates">
          <metrics complexity="5" methods="5" coveredmethods="1" conditionals="0" coveredconditionals="0" statements="9" coveredstatements="5" elements="14" coveredelements="6"/>
        </class>
        <line num="35" type="method" name="__construct" visibility="public" complexity="1" crap="1" count="3"/>
        <line num="37" type="stmt" count="3"/>
        <line num="38" type="stmt" count="3"/>
        <line num="39" type="stmt" count="3"/>
        <line num="40" type="stmt" count="3"/>
        <line num="41" type="stmt" count="3"/>
        <line num="48" type="method" name="fromCurrency" visibility="public" complexity="1" crap="2" count="0"/>
        <line num="50" type="stmt" count="0"/>
        <line num="58" type="method" name="toCurrency" visibility="public" complexity="1" crap="2" count="0"/>
        <line num="60" type="stmt" count="0"/>
        <line num="68" type="method" name="date" visibility="public" complexity="1" crap="2" count="0"/>
        <line num="70" type="stmt" count="0"/>
        <line num="78" type="method" name="value" visibility="public" complexity="1" crap="2" count="0"/>
        <line num="80" type="stmt" count="0"/>
        <metrics loc="82" ncloc="42" classes="1" methods="5" coveredmethods="1" conditionals="0" coveredconditionals="0" statements="9" coveredstatements="5" elements="14" coveredelements="6"/>
      </file>
    </package>
    <package name="Yoelpc4\LaravelExchangeRate\Facades">
      <file name="/Users/yoelpc4/Sites/Packages/yoelpc4/laravel-exchange-rate/src/Facades/ExchangeRate.php">
        <class name="Yoelpc4\LaravelExchangeRate\Facades\ExchangeRate" namespace="Yoelpc4\LaravelExchangeRate\Facades">
          <metrics complexity="1" methods="1" coveredmethods="1" conditionals="0" coveredconditionals="0" statements="1" coveredstatements="1" elements="2" coveredelements="2"/>
        </class>
        <line num="14" type="method" name="getFacadeAccessor" visibility="protected" complexity="1" crap="1" count="3"/>
        <line num="16" type="stmt" count="3"/>
        <metrics loc="18" ncloc="13" classes="1" methods="1" coveredmethods="1" conditionals="0" coveredconditionals="0" statements="1" coveredstatements="1" elements="2" coveredelements="2"/>
      </file>
    </package>
    <package name="Yoelpc4\LaravelExchangeRate\Providers">
      <file name="/Users/yoelpc4/Sites/Packages/yoelpc4/laravel-exchange-rate/src/Providers/ExchangeRateServiceProvider.php">
        <class name="Yoelpc4\LaravelExchangeRate\Providers\ExchangeRateServiceProvider" namespace="Yoelpc4\LaravelExchangeRate\Providers">
          <metrics complexity="6" methods="3" coveredmethods="1" conditionals="0" coveredconditionals="0" statements="21" coveredstatements="18" elements="24" coveredelements="19"/>
        </class>
        <line num="40" type="method" name="register" visibility="public" complexity="2" crap="2.09" count="3"/>
        <line num="42" type="stmt" count="3"/>
        <line num="45" type="stmt" count="3"/>
        <line num="46" type="stmt" count="0"/>
        <line num="47" type="stmt" count="0"/>
        <line num="51" type="stmt" count="3"/>
        <line num="52" type="stmt" count="3"/>
        <line num="53" type="stmt" count="3"/>
        <line num="60" type="method" name="boot" visibility="public" complexity="1" crap="1" count="3"/>
        <line num="62" type="stmt" count="3"/>
        <line num="64" type="stmt" count="3"/>
        <line num="65" type="stmt" count="3"/>
        <line num="66" type="stmt" count="3"/>
        <line num="68" type="stmt" count="3"/>
        <line num="69" type="stmt" count="3"/>
        <line num="70" type="stmt" count="3"/>
        <line num="71" type="stmt" count="3"/>
        <line num="78" type="method" name="registerBindings" visibility="protected" complexity="3" crap="3.04" count="3"/>
        <line num="80" type="stmt" count="3"/>
        <line num="82" type="stmt" count="3"/>
        <line num="83" type="stmt" count="0"/>
        <line num="86" type="stmt" count="3"/>
        <line num="87" type="stmt" count="3"/>
        <line num="89" type="stmt" count="3"/>
        <metrics loc="90" ncloc="71" classes="1" methods="3" coveredmethods="1" conditionals="0" coveredconditionals="0" statements="21" coveredstatements="18" elements="24" coveredelements="19"/>
      </file>
    </package>
    <file name="/Users/yoelpc4/Sites/Packages/yoelpc4/laravel-exchange-rate/src/Requests/Contracts/Factories/HistoricalRequestFactory.php">
      <metrics loc="20" ncloc="11" classes="0" methods="0" coveredmethods="0" conditionals="0" coveredconditionals="0" statements="0" coveredstatements="0" elements="0" coveredelements="0"/>
    </file>
    <file name="/Users/yoelpc4/Sites/Packages/yoelpc4/laravel-exchange-rate/src/Requests/Contracts/Factories/LatestRequestFactory.php">
      <metrics loc="19" ncloc="11" classes="0" methods="0" coveredmethods="0" conditionals="0" coveredconditionals="0" statements="0" coveredstatements="0" elements="0" coveredelements="0"/>
    </file>
    <file name="/Users/yoelpc4/Sites/Packages/yoelpc4/laravel-exchange-rate/src/Requests/Contracts/Factories/TimeSeriesRequestFactory.php">
      <metrics loc="21" ncloc="11" classes="0" methods="0" coveredmethods="0" conditionals="0" coveredconditionals="0" statements="0" coveredstatements="0" elements="0" coveredelements="0"/>
    </file>
    <file name="/Users/yoelpc4/Sites/Packages/yoelpc4/laravel-exchange-rate/src/Requests/Contracts/HistoricalRequest.php">
      <metrics loc="27" ncloc="12" classes="0" methods="0" coveredmethods="0" conditionals="0" coveredconditionals="0" statements="0" coveredstatements="0" elements="0" coveredelements="0"/>
    </file>
    <file name="/Users/yoelpc4/Sites/Packages/yoelpc4/laravel-exchange-rate/src/Requests/Contracts/LatestRequest.php">
      <metrics loc="20" ncloc="10" classes="0" methods="0" coveredmethods="0" conditionals="0" coveredconditionals="0" statements="0" coveredstatements="0" elements="0" coveredelements="0"/>
    </file>
    <file name="/Users/yoelpc4/Sites/Packages/yoelpc4/laravel-exchange-rate/src/Requests/Contracts/Request.php">
      <metrics loc="29" ncloc="14" classes="0" methods="0" coveredmethods="0" conditionals="0" coveredconditionals="0" statements="0" coveredstatements="0" elements="0" coveredelements="0"/>
    </file>
    <file name="/Users/yoelpc4/Sites/Packages/yoelpc4/laravel-exchange-rate/src/Requests/Contracts/TimeSeriesRequest.php">
      <metrics loc="34" ncloc="14" classes="0" methods="0" coveredmethods="0" conditionals="0" coveredconditionals="0" statements="0" coveredstatements="0" elements="0" coveredelements="0"/>
    </file>
    <package name="Yoelpc4\LaravelExchangeRate\Requests\FreeCurrencyConverterApi\Factories">
      <file name="/Users/yoelpc4/Sites/Packages/yoelpc4/laravel-exchange-rate/src/Requests/FreeCurrencyConverterApi/Factories/HistoricalRequestFactory.php">
        <class name="Yoelpc4\LaravelExchangeRate\Requests\FreeCurrencyConverterApi\Factories\HistoricalRequestFactory" namespace="Yoelpc4\LaravelExchangeRate\Requests\FreeCurrencyConverterApi\Factories">
          <metrics complexity="2" methods="1" coveredmethods="0" conditionals="0" coveredconditionals="0" statements="5" coveredstatements="3" elements="6" coveredelements="3"/>
        </class>
        <line num="14" type="method" name="make" visibility="public" complexity="2" crap="2.26" count="1"/>
        <line num="16" type="stmt" count="1"/>
        <line num="19" type="stmt" count="1"/>
        <line num="20" type="stmt" count="0"/>
        <line num="21" type="stmt" count="0"/>
        <line num="24" type="stmt" count="1"/>
        <metrics loc="26" ncloc="23" classes="1" methods="1" coveredmethods="0" conditionals="0" coveredconditionals="0" statements="5" coveredstatements="3" elements="6" coveredelements="3"/>
      </file>
      <file name="/Users/yoelpc4/Sites/Packages/yoelpc4/laravel-exchange-rate/src/Requests/FreeCurrencyConverterApi/Factories/LatestRequestFactory.php">
        <class name="Yoelpc4\LaravelExchangeRate\Requests\FreeCurrencyConverterApi\Factories\LatestRequestFactory" namespace="Yoelpc4\LaravelExchangeRate\Requests\FreeCurrencyConverterApi\Factories">
          <metrics complexity="2" methods="1" coveredmethods="0" conditionals="0" coveredconditionals="0" statements="5" coveredstatements="3" elements="6" coveredelements="3"/>
        </class>
        <line num="14" type="method" name="make" visibility="public" complexity="2" crap="2.26" count="1"/>
        <line num="16" type="stmt" count="1"/>
        <line num="19" type="stmt" count="1"/>
        <line num="20" type="stmt" count="0"/>
        <line num="21" type="stmt" count="0"/>
        <line num="24" type="stmt" count="1"/>
        <metrics loc="26" ncloc="23" classes="1" methods="1" coveredmethods="0" conditionals="0" coveredconditionals="0" statements="5" coveredstatements="3" elements="6" coveredelements="3"/>
      </file>
      <file name="/Users/yoelpc4/Sites/Packages/yoelpc4/laravel-exchange-rate/src/Requests/FreeCurrencyConverterApi/Factories/TimeSeriesRequestFactory.php">
        <class name="Yoelpc4\LaravelExchangeRate\Requests\FreeCurrencyConverterApi\Factories\TimeSeriesRequestFactory" namespace="Yoelpc4\LaravelExchangeRate\Requests\FreeCurrencyConverterApi\Factories">
          <metrics complexity="2" methods="1" coveredmethods="0" conditionals="0" coveredconditionals="0" statements="5" coveredstatements="3" elements="6" coveredelements="3"/>
        </class>
        <line num="14" type="method" name="make" visibility="public" complexity="2" crap="2.26" count="1"/>
        <line num="16" type="stmt" count="1"/>
        <line num="19" type="stmt" count="1"/>
        <line num="20" type="stmt" count="0"/>
        <line num="21" type="stmt" count="0"/>
        <line num="24" type="stmt" count="1"/>
        <metrics loc="26" ncloc="23" classes="1" methods="1" coveredmethods="0" conditionals="0" coveredconditionals="0" statements="5" coveredstatements="3" elements="6" coveredelements="3"/>
      </file>
    </package>
    <package name="Yoelpc4\LaravelExchangeRate\Requests\FreeCurrencyConverterApi">
      <file name="/Users/yoelpc4/Sites/Packages/yoelpc4/laravel-exchange-rate/src/Requests/FreeCurrencyConverterApi/HistoricalRequest.php">
        <class name="Yoelpc4\LaravelExchangeRate\Requests\FreeCurrencyConverterApi\HistoricalRequest" namespace="Yoelpc4\LaravelExchangeRate\Requests\FreeCurrencyConverterApi">
          <metrics complexity="9" methods="9" coveredmethods="9" conditionals="0" coveredconditionals="0" statements="28" coveredstatements="28" elements="37" coveredelements="37"/>
        </class>
        <line num="33" type="method" name="__construct" visibility="public" complexity="1" crap="1" count="1"/>
        <line num="35" type="stmt" count="1"/>
        <line num="37" type="stmt" count="1"/>
        <line num="39" type="stmt" count="1"/>
        <line num="40" type="stmt" count="1"/>
        <line num="45" type="method" name="data" visibility="protected" complexity="1" crap="1" count="1"/>
        <line num="48" type="stmt" count="1"/>
        <line num="49" type="stmt" count="1"/>
        <line num="50" type="stmt" count="1"/>
        <line num="59" type="method" name="rules" visibility="protected" complexity="1" crap="1" count="1"/>
        <line num="61" type="stmt" count="1"/>
        <line num="64" type="stmt" count="1"/>
        <line num="65" type="stmt" count="1"/>
        <line num="66" type="stmt" count="1"/>
        <line num="67" type="stmt" count="1"/>
        <line num="74" type="method" name="messages" visibility="protected" complexity="1" crap="1" count="1"/>
        <line num="77" type="stmt" count="1"/>
        <line num="78" type="stmt" count="1"/>
        <line num="80" type="stmt" count="1"/>
        <line num="81" type="stmt" count="1"/>
        <line num="82" type="stmt" count="1"/>
        <line num="90" type="method" name="customAttributes" visibility="protected" complexity="1" crap="1" count="1"/>
        <line num="93" type="stmt" count="1"/>
        <line num="94" type="stmt" count="1"/>
        <line num="95" type="stmt" count="1"/>
        <line num="96" type="stmt" count="1"/>
        <line num="103" type="method" name="queryParams" visibility="public" complexity="1" crap="1" count="1"/>
        <line num="106" type="stmt" count="1"/>
        <line num="107" type="stmt" count="1"/>
        <line num="108" type="stmt" count="1"/>
        <line num="109" type="stmt" count="1"/>
        <line num="116" type="method" name="base" visibility="public" complexity="1" crap="1" count="1"/>
        <line num="118" type="stmt" count="1"/>
        <line num="124" type="method" name="symbols" visibility="public" complexity="1" crap="1" count="1"/>
        <line num="126" type="stmt" count="1"/>
        <line num="132" type="method" name="date" visibility="public" complexity="1" crap="1" count="1"/>
        <line num="134" type="stmt" count="1"/>
        <metrics loc="136" ncloc="94" classes="1" methods="9" coveredmethods="9" conditionals="0" coveredconditionals="0" statements="28" coveredstatements="28" elements="37" coveredelements="37"/>
      </file>
      <file name="/Users/yoelpc4/Sites/Packages/yoelpc4/laravel-exchange-rate/src/Requests/FreeCurrencyConverterApi/LatestRequest.php">
        <class name="Yoelpc4\LaravelExchangeRate\Requests\FreeCurrencyConverterApi\LatestRequest" namespace="Yoelpc4\LaravelExchangeRate\Requests\FreeCurrencyConverterApi">
          <metrics complexity="8" methods="8" coveredmethods="8" conditionals="0" coveredconditionals="0" statements="15" coveredstatements="15" elements="23" coveredelements="23"/>
        </class>
        <line num="27" type="method" name="__construct" visibility="public" complexity="1" crap="1" count="1"/>
        <line num="29" type="stmt" count="1"/>
        <line num="31" type="stmt" count="1"/>
        <line num="32" type="stmt" count="1"/>
        <line num="37" type="method" name="data" visibility="protected" complexity="1" crap="1" count="1"/>
        <line num="40" type="stmt" count="1"/>
        <line num="41" type="stmt" count="1"/>
        <line num="50" type="method" name="rules" visibility="protected" complexity="1" crap="1" count="1"/>
        <line num="53" type="stmt" count="1"/>
        <line num="62" type="method" name="messages" visibility="protected" complexity="1" crap="1" count="1"/>
        <line num="64" type="stmt" count="1"/>
        <line num="70" type="method" name="customAttributes" visibility="protected" complexity="1" crap="1" count="1"/>
        <line num="73" type="stmt" count="1"/>
        <line num="74" type="stmt" count="1"/>
        <line num="75" type="stmt" count="1"/>
        <line num="82" type="method" name="queryParams" visibility="public" complexity="1" crap="1" count="1"/>
        <line num="85" type="stmt" count="1"/>
        <line num="86" type="stmt" count="1"/>
        <line num="87" type="stmt" count="1"/>
        <line num="94" type="method" name="base" visibility="public" complexity="1" crap="1" count="1"/>
        <line num="96" type="stmt" count="1"/>
        <line num="102" type="method" name="symbols" visibility="public" complexity="1" crap="1" count="1"/>
        <line num="104" type="stmt" count="1"/>
        <metrics loc="106" ncloc="71" classes="1" methods="8" coveredmethods="8" conditionals="0" coveredconditionals="0" statements="15" coveredstatements="15" elements="23" coveredelements="23"/>
      </file>
      <file name="/Users/yoelpc4/Sites/Packages/yoelpc4/laravel-exchange-rate/src/Requests/FreeCurrencyConverterApi/Request.php">
        <class name="Yoelpc4\LaravelExchangeRate\Requests\FreeCurrencyConverterApi\Request" namespace="Yoelpc4\LaravelExchangeRate\Requests\FreeCurrencyConverterApi">
          <metrics complexity="7" methods="2" coveredmethods="2" conditionals="0" coveredconditionals="0" statements="3" coveredstatements="3" elements="5" coveredelements="5"/>
        </class>
        <line num="46" type="method" name="uri" visibility="public" complexity="1" crap="1" count="3"/>
        <line num="48" type="stmt" count="3"/>
        <line num="54" type="method" name="validator" visibility="public" complexity="1" crap="1" count="3"/>
        <line num="56" type="stmt" count="3"/>
        <line num="57" type="stmt" count="3"/>
        <metrics loc="59" ncloc="30" classes="1" methods="2" coveredmethods="2" conditionals="0" coveredconditionals="0" statements="3" coveredstatements="3" elements="5" coveredelements="5"/>
      </file>
      <file name="/Users/yoelpc4/Sites/Packages/yoelpc4/laravel-exchange-rate/src/Requests/FreeCurrencyConverterApi/TimeSeriesRequest.php">
        <class name="Yoelpc4\LaravelExchangeRate\Requests\FreeCurrencyConverterApi\TimeSeriesRequest" namespace="Yoelpc4\LaravelExchangeRate\Requests\FreeCurrencyConverterApi">
          <metrics complexity="10" methods="10" coveredmethods="10" conditionals="0" coveredconditionals="0" statements="42" coveredstatements="42" elements="52" coveredelements="52"/>
        </class>
        <line num="40" type="method" name="__construct" visibility="public" complexity="1" crap="1" count="1"/>
        <line num="42" type="stmt" count="1"/>
        <line num="44" type="stmt" count="1"/>
        <line num="46" type="stmt" count="1"/>
        <line num="48" type="stmt" count="1"/>
        <line num="49" type="stmt" count="1"/>
        <line num="54" type="method" name="data" visibility="protected" complexity="1" crap="1" count="1"/>
        <line num="57" type="stmt" count="1"/>
        <line num="58" type="stmt" count="1"/>
        <line num="59" type="stmt" count="1"/>
        <line num="60" type="stmt" count="1"/>
        <line num="69" type="method" name="rules" visibility="protected" complexity="1" crap="1" count="1"/>
        <line num="71" type="stmt" count="1"/>
        <line num="72" type="stmt" count="1"/>
        <line num="75" type="stmt" count="1"/>
        <line num="76" type="stmt" count="1"/>
        <line num="77" type="stmt" count="1"/>
        <line num="78" type="stmt" count="1"/>
        <line num="79" type="stmt" count="1"/>
        <line num="86" type="method" name="messages" visibility="protected" complexity="1" crap="1" count="1"/>
        <line num="89" type="stmt" count="1"/>
        <line num="90" type="stmt" count="1"/>
        <line num="91" type="stmt" count="1"/>
        <line num="93" type="stmt" count="1"/>
        <line num="94" type="stmt" count="1"/>
        <line num="96" type="stmt" count="1"/>
        <line num="97" type="stmt" count="1"/>
        <line num="98" type="stmt" count="1"/>
        <line num="99" type="stmt" count="1"/>
        <line num="101" type="stmt" count="1"/>
        <line num="102" type="stmt" count="1"/>
        <line num="103" type="stmt" count="1"/>
        <line num="111" type="method" name="customAttributes" visibility="protected" complexity="1" crap="1" count="1"/>
        <line num="114" type="stmt" count="1"/>
        <line num="115" type="stmt" count="1"/>
        <line num="116" type="stmt" count="1"/>
        <line num="117" type="stmt" count="1"/>
        <line num="118" type="stmt" count="1"/>
        <line num="125" type="method" name="queryParams" visibility="public" complexity="1" crap="1" count="1"/>
        <line num="128" type="stmt" count="1"/>
        <line num="129" type="stmt" count="1"/>
        <line num="130" type="stmt" count="1"/>
        <line num="131" type="stmt" count="1"/>
        <line num="132" type="stmt" count="1"/>
        <line num="139" type="method" name="base" visibility="public" complexity="1" crap="1" count="1"/>
        <line num="141" type="stmt" count="1"/>
        <line num="147" type="method" name="symbols" visibility="public" complexity="1" crap="1" count="1"/>
        <line num="149" type="stmt" count="1"/>
        <line num="155" type="method" name="startDate" visibility="public" complexity="1" crap="1" count="1"/>
        <line num="157" type="stmt" count="1"/>
        <line num="163" type="method" name="endDate" visibility="public" complexity="1" crap="1" count="1"/>
        <line num="165" type="stmt" count="1"/>
        <metrics loc="167" ncloc="118" classes="1" methods="10" coveredmethods="10" conditionals="0" coveredconditionals="0" statements="42" coveredstatements="42" elements="52" coveredelements="52"/>
      </file>
      <file name="/Users/yoelpc4/Sites/Packages/yoelpc4/laravel-exchange-rate/src/Requests/FreeCurrencyConverterApi/Util.php">
        <class name="Util" namespace="Yoelpc4\LaravelExchangeRate\Requests\FreeCurrencyConverterApi">
          <metrics complexity="2" methods="2" coveredmethods="2" conditionals="0" coveredconditionals="0" statements="5" coveredstatements="5" elements="7" coveredelements="7"/>
        </class>
        <line num="12" type="method" name="makeQuery" visibility="protected" complexity="1" crap="1" count="3"/>
        <line num="15" type="stmt" count="3"/>
        <line num="16" type="stmt" count="3"/>
        <line num="18" type="stmt" count="3"/>
        <line num="27" type="method" name="makeSymbols" visibility="protected" complexity="1" crap="1" count="3"/>
        <line num="30" type="stmt" count="3"/>
        <line num="31" type="stmt" count="3"/>
        <metrics loc="33" ncloc="22" classes="1" methods="2" coveredmethods="2" conditionals="0" coveredconditionals="0" statements="5" coveredstatements="5" elements="7" coveredelements="7"/>
      </file>
    </package>
    <package name="Yoelpc4\LaravelExchangeRate\Services">
      <file name="/Users/yoelpc4/Sites/Packages/yoelpc4/laravel-exchange-rate/src/Services/Api.php">
        <class name="Yoelpc4\LaravelExchangeRate\Services\Api" namespace="Yoelpc4\LaravelExchangeRate\Services">
          <metrics complexity="3" methods="2" coveredmethods="1" conditionals="0" coveredconditionals="0" statements="6" coveredstatements="4" elements="8" coveredelements="5"/>
        </class>
        <line num="22" type="method" name="__construct" visibility="public" complexity="1" crap="1" count="3"/>
        <line num="24" type="stmt" count="3"/>
        <line num="25" type="stmt" count="3"/>
        <line num="34" type="method" name="get" visibility="public" complexity="2" crap="2.50" count="3"/>
        <line num="37" type="stmt" count="3"/>
        <line num="41" type="stmt" count="3"/>
        <line num="42" type="stmt" count="0"/>
        <line num="43" type="stmt" count="0"/>
        <metrics loc="46" ncloc="31" classes="1" methods="2" coveredmethods="1" conditionals="0" coveredconditionals="0" statements="6" coveredstatements="4" elements="8" coveredelements="5"/>
      </file>
    </package>
    <file name="/Users/yoelpc4/Sites/Packages/yoelpc4/laravel-exchange-rate/src/Services/Contracts/ExchangeRateService.php">
      <metrics loc="47" ncloc="23" classes="0" methods="0" coveredmethods="0" conditionals="0" coveredconditionals="0" statements="0" coveredstatements="0" elements="0" coveredelements="0"/>
    </file>
    <package name="Yoelpc4\LaravelExchangeRate\Services\FreeCurrencyConverterApi">
      <file name="/Users/yoelpc4/Sites/Packages/yoelpc4/laravel-exchange-rate/src/Services/FreeCurrencyConverterApi/Service.php">
        <class name="Yoelpc4\LaravelExchangeRate\Services\FreeCurrencyConverterApi\Service" namespace="Yoelpc4\LaravelExchangeRate\Services\FreeCurrencyConverterApi">
          <metrics complexity="10" methods="4" coveredmethods="1" conditionals="0" coveredconditionals="0" statements="27" coveredstatements="18" elements="31" coveredelements="19"/>
        </class>
        <line num="34" type="method" name="__construct" visibility="public" complexity="1" crap="1" count="3"/>
        <line num="36" type="stmt" count="3"/>
        <line num="37" type="stmt" count="3"/>
        <line num="39" type="stmt" count="3"/>
        <line num="44" type="method" name="latest" visibility="public" complexity="3" crap="3.47" count="1"/>
        <line num="47" type="stmt" count="1"/>
        <line num="49" type="stmt" count="1"/>
        <line num="51" type="stmt" count="1"/>
        <line num="53" type="stmt" count="1"/>
        <line num="54" type="stmt" count="0"/>
        <line num="57" type="stmt" count="1"/>
        <line num="59" type="stmt" count="0"/>
        <line num="60" type="stmt" count="0"/>
        <line num="67" type="method" name="historical" visibility="public" complexity="3" crap="3.47" count="1"/>
        <line num="70" type="stmt" count="1"/>
        <line num="72" type="stmt" count="1"/>
        <line num="74" type="stmt" count="1"/>
        <line num="76" type="stmt" count="1"/>
        <line num="77" type="stmt" count="0"/>
        <line num="80" type="stmt" count="1"/>
        <line num="81" type="stmt" count="0"/>
        <line num="82" type="stmt" count="0"/>
        <line num="89" type="method" name="timeSeries" visibility="public" complexity="3" crap="3.47" count="1"/>
        <line num="92" type="stmt" count="1"/>
        <line num="94" type="stmt" count="1"/>
        <line num="96" type="stmt" count="1"/>
        <line num="98" type="stmt" count="1"/>
        <line num="99" type="stmt" count="0"/>
        <line num="102" type="stmt" count="1"/>
        <line num="103" type="stmt" count="0"/>
        <line num="104" type="stmt" count="0"/>
        <metrics loc="107" ncloc="89" classes="1" methods="4" coveredmethods="1" conditionals="0" coveredconditionals="0" statements="27" coveredstatements="18" elements="31" coveredelements="19"/>
      </file>
    </package>
    <file name="/Users/yoelpc4/Sites/Packages/yoelpc4/laravel-exchange-rate/src/config/exchange-rate.php">
      <line num="15" type="stmt" count="3"/>
      <line num="29" type="stmt" count="3"/>
      <line num="30" type="stmt" count="3"/>
      <metrics loc="35" ncloc="18" classes="0" methods="0" coveredmethods="0" conditionals="0" coveredconditionals="0" statements="3" coveredstatements="3" elements="3" coveredelements="3"/>
    </file>
    <file name="/Users/yoelpc4/Sites/Packages/yoelpc4/laravel-exchange-rate/src/resources/lang/en/validation.php">
      <line num="4" type="stmt" count="3"/>
      <metrics loc="19" ncloc="19" classes="0" methods="0" coveredmethods="0" conditionals="0" coveredconditionals="0" statements="1" coveredstatements="1" elements="1" coveredelements="1"/>
    </file>
    <file name="/Users/yoelpc4/Sites/Packages/yoelpc4/laravel-exchange-rate/src/resources/lang/id/validation.php">
      <line num="4" type="stmt" count="0"/>
      <metrics loc="19" ncloc="19" classes="0" methods="0" coveredmethods="0" conditionals="0" coveredconditionals="0" statements="1" coveredstatements="0" elements="1" coveredelements="0"/>
    </file>
    <package name="Yoelpc4\LaravelExchangeRate\tests">
      <file name="/Users/yoelpc4/Sites/Packages/yoelpc4/laravel-exchange-rate/src/tests/FreeCurrencyConverterApiTest.php">
        <class name="Yoelpc4\LaravelExchangeRate\tests\FreeCurrencyConverterApiTest" namespace="Yoelpc4\LaravelExchangeRate\tests">
          <metrics complexity="24" methods="3" coveredmethods="0" conditionals="0" coveredconditionals="0" statements="52" coveredstatements="34" elements="55" coveredelements="34"/>
        </class>
        <line num="22" type="method" name="testSuccessfulLatestExchangeRate" visibility="public" complexity="7" crap="10.14" count="1"/>
        <line num="24" type="stmt" count="1"/>
        <line num="26" type="stmt" count="1"/>
        <line num="30" type="stmt" count="1"/>
        <line num="32" type="stmt" count="1"/>
        <line num="33" type="stmt" count="1"/>
        <line num="34" type="stmt" count="1"/>
        <line num="35" type="stmt" count="1"/>
        <line num="36" type="stmt" count="1"/>
        <line num="38" type="stmt" count="0"/>
        <line num="39" type="stmt" count="0"/>
        <line num="40" type="stmt" count="0"/>
        <line num="41" type="stmt" count="0"/>
        <line num="42" type="stmt" count="0"/>
        <line num="43" type="stmt" count="0"/>
        <line num="45" type="stmt" count="1"/>
        <line num="54" type="method" name="testSuccessfulHistoricalExchangeRate" visibility="public" complexity="8" crap="10.81" count="1"/>
        <line num="56" type="stmt" count="1"/>
        <line num="59" type="stmt" count="1"/>
        <line num="62" type="stmt" count="1"/>
        <line num="65" type="stmt" count="1"/>
        <line num="67" type="stmt" count="1"/>
        <line num="68" type="stmt" count="1"/>
        <line num="69" type="stmt" count="1"/>
        <line num="70" type="stmt" count="1"/>
        <line num="71" type="stmt" count="1"/>
        <line num="72" type="stmt" count="1"/>
        <line num="74" type="stmt" count="0"/>
        <line num="75" type="stmt" count="0"/>
        <line num="76" type="stmt" count="0"/>
        <line num="77" type="stmt" count="0"/>
        <line num="78" type="stmt" count="0"/>
        <line num="79" type="stmt" count="0"/>
        <line num="81" type="stmt" count="1"/>
        <line num="90" type="method" name="testSuccessfulTimeSeriesExchangeRate" visibility="public" complexity="9" crap="11.19" count="1"/>
        <line num="92" type="stmt" count="1"/>
        <line num="95" type="stmt" count="1"/>
        <line num="98" type="stmt" count="1"/>
        <line num="100" type="stmt" count="1"/>
        <line num="102" type="stmt" count="1"/>
        <line num="105" type="stmt" count="1"/>
        <line num="107" type="stmt" count="1"/>
        <line num="108" type="stmt" count="1"/>
        <line num="109" type="stmt" count="1"/>
        <line num="110" type="stmt" count="1"/>
        <line num="111" type="stmt" count="1"/>
        <line num="112" type="stmt" count="1"/>
        <line num="113" type="stmt" count="1"/>
        <line num="115" type="stmt" count="0"/>
        <line num="116" type="stmt" count="0"/>
        <line num="117" type="stmt" count="0"/>
        <line num="118" type="stmt" count="0"/>
        <line num="119" type="stmt" count="0"/>
        <line num="120" type="stmt" count="0"/>
        <line num="122" type="stmt" count="1"/>
        <metrics loc="123" ncloc="102" classes="1" methods="3" coveredmethods="0" conditionals="0" coveredconditionals="0" statements="52" coveredstatements="34" elements="55" coveredelements="34"/>
      </file>
      <file name="/Users/yoelpc4/Sites/Packages/yoelpc4/laravel-exchange-rate/src/tests/TestCase.php">
        <class name="Yoelpc4\LaravelExchangeRate\tests\TestCase" namespace="Yoelpc4\LaravelExchangeRate\tests">
          <metrics complexity="3" methods="3" coveredmethods="3" conditionals="0" coveredconditionals="0" statements="11" coveredstatements="11" elements="14" coveredelements="14"/>
        </class>
        <line num="15" type="method" name="getPackageProviders" visibility="protected" complexity="1" crap="1" count="3"/>
        <line num="18" type="stmt" count="3"/>
        <line num="25" type="method" name="getPackageAliases" visibility="protected" complexity="1" crap="1" count="3"/>
        <line num="28" type="stmt" count="3"/>
        <line num="35" type="method" name="getEnvironmentSetUp" visibility="protected" complexity="1" crap="1" count="3"/>
        <line num="37" type="stmt" count="3"/>
        <line num="38" type="stmt" count="3"/>
        <line num="39" type="stmt" count="3"/>
        <line num="40" type="stmt" count="3"/>
        <line num="43" type="stmt" count="3"/>
        <line num="45" type="stmt" count="3"/>
        <line num="46" type="stmt" count="3"/>
        <line num="47" type="stmt" count="3"/>
        <line num="49" type="stmt" count="3"/>
        <metrics loc="50" ncloc="41" classes="1" methods="3" coveredmethods="3" conditionals="0" coveredconditionals="0" statements="11" coveredstatements="11" elements="14" coveredelements="14"/>
      </file>
    </package>
    <metrics files="45" loc="1950" ncloc="1355" classes="23" methods="71" coveredmethods="52" conditionals="0" coveredconditionals="0" statements="317" coveredstatements="256" elements="388" coveredelements="308"/>
  </project>
</coverage>
